mode: set
github.com/orneryd/nornicdb/pkg/cypher/executor.go:21.71,26.2 1 1
github.com/orneryd/nornicdb/pkg/cypher/executor.go:45.126,48.18 2 1
github.com/orneryd/nornicdb/pkg/cypher/executor.go:48.18,50.3 1 1
github.com/orneryd/nornicdb/pkg/cypher/executor.go:53.2,53.49 1 1
github.com/orneryd/nornicdb/pkg/cypher/executor.go:53.49,55.3 1 1
github.com/orneryd/nornicdb/pkg/cypher/executor.go:58.2,66.49 3 1
github.com/orneryd/nornicdb/pkg/cypher/executor.go:66.49,68.3 1 1
github.com/orneryd/nornicdb/pkg/cypher/executor.go:69.2,69.43 1 1
github.com/orneryd/nornicdb/pkg/cypher/executor.go:69.43,71.3 1 1
github.com/orneryd/nornicdb/pkg/cypher/executor.go:73.2,73.9 1 1
github.com/orneryd/nornicdb/pkg/cypher/executor.go:74.46,75.37 1 1
github.com/orneryd/nornicdb/pkg/cypher/executor.go:76.47,77.38 1 1
github.com/orneryd/nornicdb/pkg/cypher/executor.go:78.46,79.37 1 1
github.com/orneryd/nornicdb/pkg/cypher/executor.go:80.95,81.38 1 1
github.com/orneryd/nornicdb/pkg/cypher/executor.go:82.45,83.36 1 1
github.com/orneryd/nornicdb/pkg/cypher/executor.go:84.10,85.90 1 1
github.com/orneryd/nornicdb/pkg/cypher/executor.go:90.63,96.36 4 1
github.com/orneryd/nornicdb/pkg/cypher/executor.go:96.36,97.38 1 1
github.com/orneryd/nornicdb/pkg/cypher/executor.go:97.38,99.9 2 1
github.com/orneryd/nornicdb/pkg/cypher/executor.go:102.2,102.20 1 1
github.com/orneryd/nornicdb/pkg/cypher/executor.go:102.20,104.3 1 1
github.com/orneryd/nornicdb/pkg/cypher/executor.go:107.2,113.35 6 1
github.com/orneryd/nornicdb/pkg/cypher/executor.go:113.35,116.15 2 1
github.com/orneryd/nornicdb/pkg/cypher/executor.go:116.15,117.58 1 1
github.com/orneryd/nornicdb/pkg/cypher/executor.go:117.58,119.5 1 1
github.com/orneryd/nornicdb/pkg/cypher/executor.go:120.4,120.12 1 1
github.com/orneryd/nornicdb/pkg/cypher/executor.go:123.3,123.12 1 1
github.com/orneryd/nornicdb/pkg/cypher/executor.go:124.18,126.18 2 1
github.com/orneryd/nornicdb/pkg/cypher/executor.go:127.12,128.16 1 1
github.com/orneryd/nornicdb/pkg/cypher/executor.go:129.12,130.16 1 1
github.com/orneryd/nornicdb/pkg/cypher/executor.go:131.12,132.18 1 1
github.com/orneryd/nornicdb/pkg/cypher/executor.go:133.12,134.18 1 1
github.com/orneryd/nornicdb/pkg/cypher/executor.go:135.12,136.16 1 1
github.com/orneryd/nornicdb/pkg/cypher/executor.go:137.12,138.16 1 1
github.com/orneryd/nornicdb/pkg/cypher/executor.go:141.3,141.59 1 1
github.com/orneryd/nornicdb/pkg/cypher/executor.go:141.59,143.4 1 1
github.com/orneryd/nornicdb/pkg/cypher/executor.go:146.2,146.21 1 1
github.com/orneryd/nornicdb/pkg/cypher/executor.go:146.21,148.3 1 1
github.com/orneryd/nornicdb/pkg/cypher/executor.go:149.2,149.23 1 1
github.com/orneryd/nornicdb/pkg/cypher/executor.go:149.23,151.3 1 1
github.com/orneryd/nornicdb/pkg/cypher/executor.go:152.2,152.21 1 1
github.com/orneryd/nornicdb/pkg/cypher/executor.go:152.21,154.3 1 1
github.com/orneryd/nornicdb/pkg/cypher/executor.go:155.2,155.14 1 1
github.com/orneryd/nornicdb/pkg/cypher/executor.go:155.14,157.3 1 1
github.com/orneryd/nornicdb/pkg/cypher/executor.go:159.2,159.12 1 1
github.com/orneryd/nornicdb/pkg/cypher/executor.go:163.97,164.19 1 1
github.com/orneryd/nornicdb/pkg/cypher/executor.go:164.19,166.3 1 1
github.com/orneryd/nornicdb/pkg/cypher/executor.go:168.2,169.27 2 1
github.com/orneryd/nornicdb/pkg/cypher/executor.go:169.27,172.26 3 1
github.com/orneryd/nornicdb/pkg/cypher/executor.go:173.15,174.74 1 1
github.com/orneryd/nornicdb/pkg/cypher/executor.go:175.28,176.40 1 1
github.com/orneryd/nornicdb/pkg/cypher/executor.go:177.13,178.40 1 1
github.com/orneryd/nornicdb/pkg/cypher/executor.go:179.12,180.24 1 1
github.com/orneryd/nornicdb/pkg/cypher/executor.go:181.11,182.42 1 1
github.com/orneryd/nornicdb/pkg/cypher/executor.go:184.3,184.64 1 1
github.com/orneryd/nornicdb/pkg/cypher/executor.go:186.2,186.15 1 1
github.com/orneryd/nornicdb/pkg/cypher/executor.go:190.100,201.21 4 1
github.com/orneryd/nornicdb/pkg/cypher/executor.go:201.21,206.3 3 1
github.com/orneryd/nornicdb/pkg/cypher/executor.go:209.2,213.70 3 1
github.com/orneryd/nornicdb/pkg/cypher/executor.go:213.70,215.37 2 1
github.com/orneryd/nornicdb/pkg/cypher/executor.go:215.37,217.4 1 1
github.com/orneryd/nornicdb/pkg/cypher/executor.go:219.2,223.67 3 1
github.com/orneryd/nornicdb/pkg/cypher/executor.go:223.67,226.3 2 1
github.com/orneryd/nornicdb/pkg/cypher/executor.go:229.2,231.35 3 1
github.com/orneryd/nornicdb/pkg/cypher/executor.go:231.35,232.23 1 1
github.com/orneryd/nornicdb/pkg/cypher/executor.go:232.23,234.4 1 1
github.com/orneryd/nornicdb/pkg/cypher/executor.go:234.9,236.4 1 1
github.com/orneryd/nornicdb/pkg/cypher/executor.go:240.2,241.35 2 1
github.com/orneryd/nornicdb/pkg/cypher/executor.go:241.35,248.45 2 1
github.com/orneryd/nornicdb/pkg/cypher/executor.go:248.45,250.9 2 1
github.com/orneryd/nornicdb/pkg/cypher/executor.go:255.2,257.18 3 1
github.com/orneryd/nornicdb/pkg/cypher/executor.go:257.18,259.3 1 1
github.com/orneryd/nornicdb/pkg/cypher/executor.go:259.8,259.26 1 1
github.com/orneryd/nornicdb/pkg/cypher/executor.go:259.26,261.3 1 1
github.com/orneryd/nornicdb/pkg/cypher/executor.go:262.2,271.33 5 1
github.com/orneryd/nornicdb/pkg/cypher/executor.go:271.33,273.3 1 1
github.com/orneryd/nornicdb/pkg/cypher/executor.go:273.8,275.3 1 1
github.com/orneryd/nornicdb/pkg/cypher/executor.go:276.2,276.16 1 1
github.com/orneryd/nornicdb/pkg/cypher/executor.go:276.16,278.3 1 0
github.com/orneryd/nornicdb/pkg/cypher/executor.go:281.2,281.18 1 1
github.com/orneryd/nornicdb/pkg/cypher/executor.go:281.18,285.3 2 1
github.com/orneryd/nornicdb/pkg/cypher/executor.go:288.2,288.20 1 1
github.com/orneryd/nornicdb/pkg/cypher/executor.go:288.20,290.3 1 1
github.com/orneryd/nornicdb/pkg/cypher/executor.go:293.2,294.20 2 1
github.com/orneryd/nornicdb/pkg/cypher/executor.go:294.20,298.52 3 1
github.com/orneryd/nornicdb/pkg/cypher/executor.go:298.52,299.69 1 1
github.com/orneryd/nornicdb/pkg/cypher/executor.go:299.69,301.5 1 1
github.com/orneryd/nornicdb/pkg/cypher/executor.go:303.3,304.63 2 1
github.com/orneryd/nornicdb/pkg/cypher/executor.go:308.2,310.17 3 1
github.com/orneryd/nornicdb/pkg/cypher/executor.go:310.17,313.51 3 1
github.com/orneryd/nornicdb/pkg/cypher/executor.go:313.51,315.4 1 1
github.com/orneryd/nornicdb/pkg/cypher/executor.go:319.2,321.18 3 1
github.com/orneryd/nornicdb/pkg/cypher/executor.go:321.18,324.52 3 1
github.com/orneryd/nornicdb/pkg/cypher/executor.go:324.52,326.4 1 1
github.com/orneryd/nornicdb/pkg/cypher/executor.go:330.2,332.29 3 1
github.com/orneryd/nornicdb/pkg/cypher/executor.go:332.29,334.15 1 1
github.com/orneryd/nornicdb/pkg/cypher/executor.go:334.15,335.12 1 1
github.com/orneryd/nornicdb/pkg/cypher/executor.go:339.3,339.38 1 1
github.com/orneryd/nornicdb/pkg/cypher/executor.go:339.38,340.9 1 1
github.com/orneryd/nornicdb/pkg/cypher/executor.go:343.3,344.36 2 1
github.com/orneryd/nornicdb/pkg/cypher/executor.go:344.36,346.4 1 1
github.com/orneryd/nornicdb/pkg/cypher/executor.go:349.3,349.15 1 1
github.com/orneryd/nornicdb/pkg/cypher/executor.go:349.15,351.17 2 1
github.com/orneryd/nornicdb/pkg/cypher/executor.go:351.17,352.13 1 1
github.com/orneryd/nornicdb/pkg/cypher/executor.go:354.4,354.20 1 1
github.com/orneryd/nornicdb/pkg/cypher/executor.go:357.3,358.13 2 1
github.com/orneryd/nornicdb/pkg/cypher/executor.go:361.2,361.20 1 1
github.com/orneryd/nornicdb/pkg/cypher/executor.go:365.153,376.29 8 1
github.com/orneryd/nornicdb/pkg/cypher/executor.go:376.29,379.10 2 1
github.com/orneryd/nornicdb/pkg/cypher/executor.go:380.47,382.106 1 1
github.com/orneryd/nornicdb/pkg/cypher/executor.go:382.106,384.5 1 1
github.com/orneryd/nornicdb/pkg/cypher/executor.go:384.10,387.28 2 1
github.com/orneryd/nornicdb/pkg/cypher/executor.go:387.28,389.33 2 1
github.com/orneryd/nornicdb/pkg/cypher/executor.go:389.33,390.61 1 1
github.com/orneryd/nornicdb/pkg/cypher/executor.go:390.61,392.8 1 1
github.com/orneryd/nornicdb/pkg/cypher/executor.go:394.6,394.20 1 1
github.com/orneryd/nornicdb/pkg/cypher/executor.go:395.11,397.6 1 0
github.com/orneryd/nornicdb/pkg/cypher/executor.go:400.45,402.27 2 1
github.com/orneryd/nornicdb/pkg/cypher/executor.go:402.27,404.32 2 1
github.com/orneryd/nornicdb/pkg/cypher/executor.go:404.32,405.62 1 1
github.com/orneryd/nornicdb/pkg/cypher/executor.go:405.62,406.40 1 1
github.com/orneryd/nornicdb/pkg/cypher/executor.go:406.40,408.8 1 1
github.com/orneryd/nornicdb/pkg/cypher/executor.go:411.5,411.17 1 1
github.com/orneryd/nornicdb/pkg/cypher/executor.go:412.10,414.5 1 1
github.com/orneryd/nornicdb/pkg/cypher/executor.go:416.45,418.27 2 1
github.com/orneryd/nornicdb/pkg/cypher/executor.go:418.27,421.32 3 1
github.com/orneryd/nornicdb/pkg/cypher/executor.go:421.32,422.62 1 1
github.com/orneryd/nornicdb/pkg/cypher/executor.go:422.62,423.40 1 1
github.com/orneryd/nornicdb/pkg/cypher/executor.go:423.40,426.8 2 1
github.com/orneryd/nornicdb/pkg/cypher/executor.go:429.5,429.18 1 1
github.com/orneryd/nornicdb/pkg/cypher/executor.go:429.18,431.6 1 1
github.com/orneryd/nornicdb/pkg/cypher/executor.go:431.11,433.6 1 1
github.com/orneryd/nornicdb/pkg/cypher/executor.go:434.10,436.5 1 1
github.com/orneryd/nornicdb/pkg/cypher/executor.go:438.45,440.27 2 1
github.com/orneryd/nornicdb/pkg/cypher/executor.go:440.27,442.32 2 1
github.com/orneryd/nornicdb/pkg/cypher/executor.go:442.32,443.62 1 1
github.com/orneryd/nornicdb/pkg/cypher/executor.go:443.62,444.40 1 1
github.com/orneryd/nornicdb/pkg/cypher/executor.go:444.40,445.36 1 1
github.com/orneryd/nornicdb/pkg/cypher/executor.go:445.36,448.9 2 1
github.com/orneryd/nornicdb/pkg/cypher/executor.go:452.5,452.19 1 1
github.com/orneryd/nornicdb/pkg/cypher/executor.go:452.19,454.6 1 1
github.com/orneryd/nornicdb/pkg/cypher/executor.go:454.11,456.6 1 0
github.com/orneryd/nornicdb/pkg/cypher/executor.go:457.10,459.5 1 1
github.com/orneryd/nornicdb/pkg/cypher/executor.go:461.45,463.27 2 1
github.com/orneryd/nornicdb/pkg/cypher/executor.go:463.27,465.32 2 1
github.com/orneryd/nornicdb/pkg/cypher/executor.go:465.32,466.62 1 1
github.com/orneryd/nornicdb/pkg/cypher/executor.go:466.62,467.40 1 1
github.com/orneryd/nornicdb/pkg/cypher/executor.go:467.40,468.36 1 1
github.com/orneryd/nornicdb/pkg/cypher/executor.go:468.36,471.9 2 1
github.com/orneryd/nornicdb/pkg/cypher/executor.go:475.5,475.19 1 1
github.com/orneryd/nornicdb/pkg/cypher/executor.go:475.19,477.6 1 1
github.com/orneryd/nornicdb/pkg/cypher/executor.go:477.11,479.6 1 0
github.com/orneryd/nornicdb/pkg/cypher/executor.go:480.10,482.5 1 1
github.com/orneryd/nornicdb/pkg/cypher/executor.go:484.49,487.27 3 1
github.com/orneryd/nornicdb/pkg/cypher/executor.go:487.27,488.32 1 1
github.com/orneryd/nornicdb/pkg/cypher/executor.go:488.32,489.51 1 1
github.com/orneryd/nornicdb/pkg/cypher/executor.go:489.51,491.63 1 1
github.com/orneryd/nornicdb/pkg/cypher/executor.go:491.63,493.8 1 1
github.com/orneryd/nornicdb/pkg/cypher/executor.go:494.12,501.7 1 1
github.com/orneryd/nornicdb/pkg/cypher/executor.go:504.4,504.22 1 1
github.com/orneryd/nornicdb/pkg/cypher/executor.go:506.11,508.22 1 1
github.com/orneryd/nornicdb/pkg/cypher/executor.go:508.22,510.5 1 1
github.com/orneryd/nornicdb/pkg/cypher/executor.go:510.10,512.5 1 1
github.com/orneryd/nornicdb/pkg/cypher/executor.go:516.2,517.20 2 1
github.com/orneryd/nornicdb/pkg/cypher/executor.go:521.105,529.48 5 1
github.com/orneryd/nornicdb/pkg/cypher/executor.go:529.48,531.3 1 1
github.com/orneryd/nornicdb/pkg/cypher/executor.go:531.8,533.3 1 1
github.com/orneryd/nornicdb/pkg/cypher/executor.go:536.2,539.37 3 1
github.com/orneryd/nornicdb/pkg/cypher/executor.go:539.37,540.40 1 1
github.com/orneryd/nornicdb/pkg/cypher/executor.go:540.40,548.18 6 1
github.com/orneryd/nornicdb/pkg/cypher/executor.go:548.18,549.13 1 1
github.com/orneryd/nornicdb/pkg/cypher/executor.go:549.13,551.6 1 1
github.com/orneryd/nornicdb/pkg/cypher/executor.go:551.11,553.6 1 1
github.com/orneryd/nornicdb/pkg/cypher/executor.go:554.10,557.13 3 1
github.com/orneryd/nornicdb/pkg/cypher/executor.go:557.13,559.6 1 1
github.com/orneryd/nornicdb/pkg/cypher/executor.go:559.11,561.6 1 1
github.com/orneryd/nornicdb/pkg/cypher/executor.go:564.4,564.18 1 1
github.com/orneryd/nornicdb/pkg/cypher/executor.go:564.18,566.5 1 1
github.com/orneryd/nornicdb/pkg/cypher/executor.go:570.2,570.15 1 1
github.com/orneryd/nornicdb/pkg/cypher/executor.go:574.101,586.19 5 1
github.com/orneryd/nornicdb/pkg/cypher/executor.go:586.19,588.3 1 1
github.com/orneryd/nornicdb/pkg/cypher/executor.go:589.2,592.107 2 1
github.com/orneryd/nornicdb/pkg/cypher/executor.go:592.107,594.3 1 1
github.com/orneryd/nornicdb/pkg/cypher/executor.go:598.2,601.46 3 1
github.com/orneryd/nornicdb/pkg/cypher/executor.go:601.46,603.27 2 1
github.com/orneryd/nornicdb/pkg/cypher/executor.go:603.27,604.12 1 0
github.com/orneryd/nornicdb/pkg/cypher/executor.go:607.3,616.52 3 1
github.com/orneryd/nornicdb/pkg/cypher/executor.go:616.52,618.4 1 0
github.com/orneryd/nornicdb/pkg/cypher/executor.go:620.3,622.33 2 1
github.com/orneryd/nornicdb/pkg/cypher/executor.go:622.33,624.4 1 1
github.com/orneryd/nornicdb/pkg/cypher/executor.go:628.2,628.19 1 1
github.com/orneryd/nornicdb/pkg/cypher/executor.go:628.19,635.36 5 1
github.com/orneryd/nornicdb/pkg/cypher/executor.go:635.36,636.24 1 1
github.com/orneryd/nornicdb/pkg/cypher/executor.go:636.24,638.5 1 0
github.com/orneryd/nornicdb/pkg/cypher/executor.go:638.10,640.5 1 1
github.com/orneryd/nornicdb/pkg/cypher/executor.go:643.4,643.45 1 1
github.com/orneryd/nornicdb/pkg/cypher/executor.go:643.45,644.72 1 1
github.com/orneryd/nornicdb/pkg/cypher/executor.go:644.72,646.11 2 1
github.com/orneryd/nornicdb/pkg/cypher/executor.go:650.3,650.37 1 1
github.com/orneryd/nornicdb/pkg/cypher/executor.go:653.2,653.20 1 1
github.com/orneryd/nornicdb/pkg/cypher/executor.go:657.70,662.28 4 1
github.com/orneryd/nornicdb/pkg/cypher/executor.go:662.28,663.12 1 1
github.com/orneryd/nornicdb/pkg/cypher/executor.go:664.12,666.24 2 1
github.com/orneryd/nornicdb/pkg/cypher/executor.go:667.12,670.18 3 1
github.com/orneryd/nornicdb/pkg/cypher/executor.go:670.18,673.5 2 1
github.com/orneryd/nornicdb/pkg/cypher/executor.go:674.12,675.18 1 1
github.com/orneryd/nornicdb/pkg/cypher/executor.go:675.18,677.13 1 1
github.com/orneryd/nornicdb/pkg/cypher/executor.go:679.4,679.24 1 1
github.com/orneryd/nornicdb/pkg/cypher/executor.go:680.11,681.17 1 1
github.com/orneryd/nornicdb/pkg/cypher/executor.go:681.17,683.5 1 1
github.com/orneryd/nornicdb/pkg/cypher/executor.go:688.2,688.23 1 1
github.com/orneryd/nornicdb/pkg/cypher/executor.go:688.23,690.3 1 0
github.com/orneryd/nornicdb/pkg/cypher/executor.go:692.2,692.17 1 1
github.com/orneryd/nornicdb/pkg/cypher/executor.go:696.137,708.22 4 1
github.com/orneryd/nornicdb/pkg/cypher/executor.go:708.22,712.3 2 1
github.com/orneryd/nornicdb/pkg/cypher/executor.go:714.2,714.22 1 1
github.com/orneryd/nornicdb/pkg/cypher/executor.go:714.22,716.3 1 1
github.com/orneryd/nornicdb/pkg/cypher/executor.go:719.2,725.57 3 1
github.com/orneryd/nornicdb/pkg/cypher/executor.go:725.57,727.3 1 0
github.com/orneryd/nornicdb/pkg/cypher/executor.go:728.2,737.57 4 1
github.com/orneryd/nornicdb/pkg/cypher/executor.go:737.57,739.3 1 0
github.com/orneryd/nornicdb/pkg/cypher/executor.go:740.2,745.60 4 1
github.com/orneryd/nornicdb/pkg/cypher/executor.go:745.60,748.61 2 1
github.com/orneryd/nornicdb/pkg/cypher/executor.go:748.61,750.4 1 1
github.com/orneryd/nornicdb/pkg/cypher/executor.go:754.2,761.51 2 1
github.com/orneryd/nornicdb/pkg/cypher/executor.go:761.51,763.3 1 0
github.com/orneryd/nornicdb/pkg/cypher/executor.go:764.2,767.19 2 1
github.com/orneryd/nornicdb/pkg/cypher/executor.go:767.19,774.36 5 1
github.com/orneryd/nornicdb/pkg/cypher/executor.go:774.36,775.24 1 1
github.com/orneryd/nornicdb/pkg/cypher/executor.go:775.24,777.5 1 0
github.com/orneryd/nornicdb/pkg/cypher/executor.go:777.10,779.5 1 1
github.com/orneryd/nornicdb/pkg/cypher/executor.go:781.4,781.11 1 1
github.com/orneryd/nornicdb/pkg/cypher/executor.go:782.62,783.75 1 1
github.com/orneryd/nornicdb/pkg/cypher/executor.go:784.62,785.75 1 1
github.com/orneryd/nornicdb/pkg/cypher/executor.go:786.12,787.75 1 1
github.com/orneryd/nornicdb/pkg/cypher/executor.go:790.3,790.37 1 1
github.com/orneryd/nornicdb/pkg/cypher/executor.go:793.2,793.20 1 1
github.com/orneryd/nornicdb/pkg/cypher/executor.go:797.100,801.2 1 1
github.com/orneryd/nornicdb/pkg/cypher/executor.go:804.101,820.12 6 1
github.com/orneryd/nornicdb/pkg/cypher/executor.go:820.12,822.22 2 1
github.com/orneryd/nornicdb/pkg/cypher/executor.go:822.22,824.4 1 0
github.com/orneryd/nornicdb/pkg/cypher/executor.go:825.8,827.22 2 1
github.com/orneryd/nornicdb/pkg/cypher/executor.go:827.22,829.4 1 1
github.com/orneryd/nornicdb/pkg/cypher/executor.go:832.2,832.39 1 1
github.com/orneryd/nornicdb/pkg/cypher/executor.go:832.39,834.3 1 1
github.com/orneryd/nornicdb/pkg/cypher/executor.go:837.2,839.16 3 1
github.com/orneryd/nornicdb/pkg/cypher/executor.go:839.16,841.3 1 0
github.com/orneryd/nornicdb/pkg/cypher/executor.go:844.2,844.39 1 1
github.com/orneryd/nornicdb/pkg/cypher/executor.go:844.39,845.27 1 1
github.com/orneryd/nornicdb/pkg/cypher/executor.go:845.27,846.52 1 1
github.com/orneryd/nornicdb/pkg/cypher/executor.go:846.52,847.42 1 1
github.com/orneryd/nornicdb/pkg/cypher/executor.go:847.42,848.16 1 1
github.com/orneryd/nornicdb/pkg/cypher/executor.go:848.16,851.34 2 1
github.com/orneryd/nornicdb/pkg/cypher/executor.go:851.34,854.8 2 1
github.com/orneryd/nornicdb/pkg/cypher/executor.go:855.7,856.34 2 1
github.com/orneryd/nornicdb/pkg/cypher/executor.go:856.34,859.8 2 1
github.com/orneryd/nornicdb/pkg/cypher/executor.go:861.6,861.69 1 1
github.com/orneryd/nornicdb/pkg/cypher/executor.go:861.69,863.7 1 1
github.com/orneryd/nornicdb/pkg/cypher/executor.go:869.2,869.20 1 1
github.com/orneryd/nornicdb/pkg/cypher/executor.go:873.98,885.36 6 1
github.com/orneryd/nornicdb/pkg/cypher/executor.go:885.36,887.3 1 0
github.com/orneryd/nornicdb/pkg/cypher/executor.go:890.2,891.19 2 1
github.com/orneryd/nornicdb/pkg/cypher/executor.go:891.19,893.3 1 1
github.com/orneryd/nornicdb/pkg/cypher/executor.go:893.8,895.3 1 1
github.com/orneryd/nornicdb/pkg/cypher/executor.go:896.2,897.16 2 1
github.com/orneryd/nornicdb/pkg/cypher/executor.go:897.16,899.3 1 0
github.com/orneryd/nornicdb/pkg/cypher/executor.go:902.2,903.19 2 1
github.com/orneryd/nornicdb/pkg/cypher/executor.go:903.19,905.3 1 1
github.com/orneryd/nornicdb/pkg/cypher/executor.go:905.8,907.3 1 1
github.com/orneryd/nornicdb/pkg/cypher/executor.go:910.2,911.17 2 1
github.com/orneryd/nornicdb/pkg/cypher/executor.go:911.17,913.3 1 1
github.com/orneryd/nornicdb/pkg/cypher/executor.go:915.2,920.21 4 1
github.com/orneryd/nornicdb/pkg/cypher/executor.go:920.21,922.3 1 1
github.com/orneryd/nornicdb/pkg/cypher/executor.go:923.2,928.39 4 1
github.com/orneryd/nornicdb/pkg/cypher/executor.go:928.39,929.27 1 1
github.com/orneryd/nornicdb/pkg/cypher/executor.go:929.27,930.52 1 1
github.com/orneryd/nornicdb/pkg/cypher/executor.go:930.52,931.42 1 1
github.com/orneryd/nornicdb/pkg/cypher/executor.go:931.42,933.20 2 1
github.com/orneryd/nornicdb/pkg/cypher/executor.go:933.20,934.15 1 0
github.com/orneryd/nornicdb/pkg/cypher/executor.go:936.6,936.39 1 1
github.com/orneryd/nornicdb/pkg/cypher/executor.go:936.39,938.7 1 0
github.com/orneryd/nornicdb/pkg/cypher/executor.go:939.6,940.62 2 1
github.com/orneryd/nornicdb/pkg/cypher/executor.go:940.62,942.7 1 1
github.com/orneryd/nornicdb/pkg/cypher/executor.go:949.2,949.19 1 1
github.com/orneryd/nornicdb/pkg/cypher/executor.go:949.19,953.36 4 1
github.com/orneryd/nornicdb/pkg/cypher/executor.go:953.36,954.24 1 1
github.com/orneryd/nornicdb/pkg/cypher/executor.go:954.24,956.5 1 0
github.com/orneryd/nornicdb/pkg/cypher/executor.go:956.10,958.5 1 1
github.com/orneryd/nornicdb/pkg/cypher/executor.go:962.3,962.40 1 1
github.com/orneryd/nornicdb/pkg/cypher/executor.go:962.40,963.28 1 1
github.com/orneryd/nornicdb/pkg/cypher/executor.go:963.28,964.53 1 1
github.com/orneryd/nornicdb/pkg/cypher/executor.go:964.53,965.43 1 1
github.com/orneryd/nornicdb/pkg/cypher/executor.go:965.43,967.29 2 1
github.com/orneryd/nornicdb/pkg/cypher/executor.go:967.29,969.41 2 1
github.com/orneryd/nornicdb/pkg/cypher/executor.go:969.41,971.9 1 1
github.com/orneryd/nornicdb/pkg/cypher/executor.go:972.8,972.49 1 1
github.com/orneryd/nornicdb/pkg/cypher/executor.go:980.2,980.20 1 1
github.com/orneryd/nornicdb/pkg/cypher/executor.go:984.99,987.9 2 1
github.com/orneryd/nornicdb/pkg/cypher/executor.go:988.51,989.33 1 1
github.com/orneryd/nornicdb/pkg/cypher/executor.go:990.49,991.31 1 1
github.com/orneryd/nornicdb/pkg/cypher/executor.go:992.54,993.35 1 1
github.com/orneryd/nornicdb/pkg/cypher/executor.go:994.58,995.39 1 1
github.com/orneryd/nornicdb/pkg/cypher/executor.go:996.59,997.40 1 1
github.com/orneryd/nornicdb/pkg/cypher/executor.go:998.58,999.39 1 1
github.com/orneryd/nornicdb/pkg/cypher/executor.go:1000.44,1001.26 1 1
github.com/orneryd/nornicdb/pkg/cypher/executor.go:1002.55,1003.37 1 1
github.com/orneryd/nornicdb/pkg/cypher/executor.go:1004.45,1005.27 1 1
github.com/orneryd/nornicdb/pkg/cypher/executor.go:1006.49,1007.31 1 1
github.com/orneryd/nornicdb/pkg/cypher/executor.go:1008.50,1009.32 1 1
github.com/orneryd/nornicdb/pkg/cypher/executor.go:1010.50,1011.32 1 1
github.com/orneryd/nornicdb/pkg/cypher/executor.go:1012.50,1013.32 1 1
github.com/orneryd/nornicdb/pkg/cypher/executor.go:1014.49,1015.31 1 1
github.com/orneryd/nornicdb/pkg/cypher/executor.go:1016.10,1017.58 1 1
github.com/orneryd/nornicdb/pkg/cypher/executor.go:1021.66,1023.16 2 1
github.com/orneryd/nornicdb/pkg/cypher/executor.go:1023.16,1025.3 1 0
github.com/orneryd/nornicdb/pkg/cypher/executor.go:1027.2,1028.29 2 1
github.com/orneryd/nornicdb/pkg/cypher/executor.go:1028.29,1029.37 1 1
github.com/orneryd/nornicdb/pkg/cypher/executor.go:1029.37,1031.4 1 1
github.com/orneryd/nornicdb/pkg/cypher/executor.go:1034.2,1038.30 2 1
github.com/orneryd/nornicdb/pkg/cypher/executor.go:1038.30,1040.3 1 1
github.com/orneryd/nornicdb/pkg/cypher/executor.go:1041.2,1041.20 1 1
github.com/orneryd/nornicdb/pkg/cypher/executor.go:1044.77,1046.16 2 1
github.com/orneryd/nornicdb/pkg/cypher/executor.go:1046.16,1048.3 1 0
github.com/orneryd/nornicdb/pkg/cypher/executor.go:1050.2,1051.29 2 1
github.com/orneryd/nornicdb/pkg/cypher/executor.go:1051.29,1053.3 1 1
github.com/orneryd/nornicdb/pkg/cypher/executor.go:1055.2,1059.31 2 1
github.com/orneryd/nornicdb/pkg/cypher/executor.go:1059.31,1061.3 1 1
github.com/orneryd/nornicdb/pkg/cypher/executor.go:1062.2,1062.20 1 1
github.com/orneryd/nornicdb/pkg/cypher/executor.go:1065.67,1071.2 1 1
github.com/orneryd/nornicdb/pkg/cypher/executor.go:1073.71,1079.2 1 1
github.com/orneryd/nornicdb/pkg/cypher/executor.go:1081.72,1088.2 1 1
github.com/orneryd/nornicdb/pkg/cypher/executor.go:1092.73,1099.2 1 1
github.com/orneryd/nornicdb/pkg/cypher/executor.go:1101.71,1111.2 3 1
github.com/orneryd/nornicdb/pkg/cypher/executor.go:1113.45,1115.16 2 1
github.com/orneryd/nornicdb/pkg/cypher/executor.go:1115.16,1117.3 1 0
github.com/orneryd/nornicdb/pkg/cypher/executor.go:1118.2,1119.29 2 1
github.com/orneryd/nornicdb/pkg/cypher/executor.go:1119.29,1120.37 1 1
github.com/orneryd/nornicdb/pkg/cypher/executor.go:1120.37,1122.4 1 1
github.com/orneryd/nornicdb/pkg/cypher/executor.go:1124.2,1124.22 1 1
github.com/orneryd/nornicdb/pkg/cypher/executor.go:1127.47,1129.16 2 1
github.com/orneryd/nornicdb/pkg/cypher/executor.go:1129.16,1131.3 1 0
github.com/orneryd/nornicdb/pkg/cypher/executor.go:1132.2,1133.29 2 1
github.com/orneryd/nornicdb/pkg/cypher/executor.go:1133.29,1135.3 1 1
github.com/orneryd/nornicdb/pkg/cypher/executor.go:1136.2,1136.21 1 1
github.com/orneryd/nornicdb/pkg/cypher/executor.go:1139.75,1146.2 1 1
github.com/orneryd/nornicdb/pkg/cypher/executor.go:1150.79,1157.29 4 1
github.com/orneryd/nornicdb/pkg/cypher/executor.go:1157.29,1158.37 1 1
github.com/orneryd/nornicdb/pkg/cypher/executor.go:1158.37,1160.4 1 1
github.com/orneryd/nornicdb/pkg/cypher/executor.go:1163.2,1164.29 2 1
github.com/orneryd/nornicdb/pkg/cypher/executor.go:1164.29,1166.3 1 1
github.com/orneryd/nornicdb/pkg/cypher/executor.go:1169.2,1170.30 2 1
github.com/orneryd/nornicdb/pkg/cypher/executor.go:1170.30,1174.3 1 1
github.com/orneryd/nornicdb/pkg/cypher/executor.go:1177.2,1178.34 2 1
github.com/orneryd/nornicdb/pkg/cypher/executor.go:1178.34,1182.3 1 1
github.com/orneryd/nornicdb/pkg/cypher/executor.go:1184.2,1189.8 1 1
github.com/orneryd/nornicdb/pkg/cypher/executor.go:1192.80,1197.29 3 1
github.com/orneryd/nornicdb/pkg/cypher/executor.go:1197.29,1198.37 1 1
github.com/orneryd/nornicdb/pkg/cypher/executor.go:1198.37,1199.39 1 1
github.com/orneryd/nornicdb/pkg/cypher/executor.go:1199.39,1201.5 1 1
github.com/orneryd/nornicdb/pkg/cypher/executor.go:1202.4,1202.38 1 1
github.com/orneryd/nornicdb/pkg/cypher/executor.go:1202.38,1204.5 1 1
github.com/orneryd/nornicdb/pkg/cypher/executor.go:1208.2,1213.39 2 1
github.com/orneryd/nornicdb/pkg/cypher/executor.go:1213.39,1214.27 1 1
github.com/orneryd/nornicdb/pkg/cypher/executor.go:1214.27,1216.4 1 1
github.com/orneryd/nornicdb/pkg/cypher/executor.go:1219.2,1219.20 1 1
github.com/orneryd/nornicdb/pkg/cypher/executor.go:1222.79,1227.29 3 1
github.com/orneryd/nornicdb/pkg/cypher/executor.go:1227.29,1228.41 1 1
github.com/orneryd/nornicdb/pkg/cypher/executor.go:1228.41,1230.4 1 1
github.com/orneryd/nornicdb/pkg/cypher/executor.go:1231.3,1231.37 1 1
github.com/orneryd/nornicdb/pkg/cypher/executor.go:1231.37,1233.4 1 1
github.com/orneryd/nornicdb/pkg/cypher/executor.go:1236.2,1241.40 2 1
github.com/orneryd/nornicdb/pkg/cypher/executor.go:1241.40,1242.27 1 1
github.com/orneryd/nornicdb/pkg/cypher/executor.go:1242.27,1244.4 1 1
github.com/orneryd/nornicdb/pkg/cypher/executor.go:1247.2,1247.20 1 1
github.com/orneryd/nornicdb/pkg/cypher/executor.go:1250.72,1255.29 4 1
github.com/orneryd/nornicdb/pkg/cypher/executor.go:1255.29,1256.37 1 1
github.com/orneryd/nornicdb/pkg/cypher/executor.go:1256.37,1258.4 1 1
github.com/orneryd/nornicdb/pkg/cypher/executor.go:1260.2,1260.29 1 1
github.com/orneryd/nornicdb/pkg/cypher/executor.go:1260.29,1261.37 1 1
github.com/orneryd/nornicdb/pkg/cypher/executor.go:1261.37,1263.4 1 1
github.com/orneryd/nornicdb/pkg/cypher/executor.go:1266.2,1270.28 2 1
github.com/orneryd/nornicdb/pkg/cypher/executor.go:1270.28,1272.3 1 1
github.com/orneryd/nornicdb/pkg/cypher/executor.go:1274.2,1274.20 1 1
github.com/orneryd/nornicdb/pkg/cypher/executor.go:1277.72,1299.2 2 1
github.com/orneryd/nornicdb/pkg/cypher/executor.go:1301.71,1331.2 2 1
github.com/orneryd/nornicdb/pkg/cypher/executor.go:1346.76,1354.72 3 1
github.com/orneryd/nornicdb/pkg/cypher/executor.go:1354.72,1356.3 1 1
github.com/orneryd/nornicdb/pkg/cypher/executor.go:1359.2,1360.19 2 1
github.com/orneryd/nornicdb/pkg/cypher/executor.go:1360.19,1364.3 3 1
github.com/orneryd/nornicdb/pkg/cypher/executor.go:1367.2,1368.38 2 1
github.com/orneryd/nornicdb/pkg/cypher/executor.go:1368.38,1370.3 1 1
github.com/orneryd/nornicdb/pkg/cypher/executor.go:1371.2,1371.34 1 1
github.com/orneryd/nornicdb/pkg/cypher/executor.go:1371.34,1372.56 1 1
github.com/orneryd/nornicdb/pkg/cypher/executor.go:1372.56,1374.4 1 1
github.com/orneryd/nornicdb/pkg/cypher/executor.go:1377.2,1377.13 1 1
github.com/orneryd/nornicdb/pkg/cypher/executor.go:1380.83,1385.38 3 1
github.com/orneryd/nornicdb/pkg/cypher/executor.go:1385.38,1387.3 1 1
github.com/orneryd/nornicdb/pkg/cypher/executor.go:1388.2,1388.38 1 1
github.com/orneryd/nornicdb/pkg/cypher/executor.go:1388.38,1390.3 1 1
github.com/orneryd/nornicdb/pkg/cypher/executor.go:1393.2,1394.29 2 1
github.com/orneryd/nornicdb/pkg/cypher/executor.go:1394.29,1396.19 2 1
github.com/orneryd/nornicdb/pkg/cypher/executor.go:1396.19,1402.72 3 1
github.com/orneryd/nornicdb/pkg/cypher/executor.go:1402.72,1405.5 2 1
github.com/orneryd/nornicdb/pkg/cypher/executor.go:1405.10,1405.68 1 1
github.com/orneryd/nornicdb/pkg/cypher/executor.go:1405.68,1407.5 1 1
github.com/orneryd/nornicdb/pkg/cypher/executor.go:1407.10,1407.66 1 1
github.com/orneryd/nornicdb/pkg/cypher/executor.go:1407.66,1409.5 1 1
github.com/orneryd/nornicdb/pkg/cypher/executor.go:1409.10,1409.30 1 1
github.com/orneryd/nornicdb/pkg/cypher/executor.go:1409.30,1411.5 1 1
github.com/orneryd/nornicdb/pkg/cypher/executor.go:1411.10,1411.31 1 1
github.com/orneryd/nornicdb/pkg/cypher/executor.go:1411.31,1413.5 1 1
github.com/orneryd/nornicdb/pkg/cypher/executor.go:1413.10,1415.5 1 1
github.com/orneryd/nornicdb/pkg/cypher/executor.go:1419.2,1419.14 1 1
github.com/orneryd/nornicdb/pkg/cypher/executor.go:1422.76,1428.18 4 1
github.com/orneryd/nornicdb/pkg/cypher/executor.go:1428.18,1430.3 1 0
github.com/orneryd/nornicdb/pkg/cypher/executor.go:1433.2,1434.18 2 1
github.com/orneryd/nornicdb/pkg/cypher/executor.go:1434.18,1436.3 1 0
github.com/orneryd/nornicdb/pkg/cypher/executor.go:1439.2,1440.29 2 1
github.com/orneryd/nornicdb/pkg/cypher/executor.go:1440.29,1442.32 2 1
github.com/orneryd/nornicdb/pkg/cypher/executor.go:1442.32,1443.12 1 1
github.com/orneryd/nornicdb/pkg/cypher/executor.go:1446.3,1451.16 4 1
github.com/orneryd/nornicdb/pkg/cypher/executor.go:1451.16,1454.4 2 1
github.com/orneryd/nornicdb/pkg/cypher/executor.go:1456.3,1456.30 1 1
github.com/orneryd/nornicdb/pkg/cypher/executor.go:1460.2,1460.21 1 1
github.com/orneryd/nornicdb/pkg/cypher/executor.go:1460.21,1462.3 1 1
github.com/orneryd/nornicdb/pkg/cypher/executor.go:1464.2,1464.14 1 1
github.com/orneryd/nornicdb/pkg/cypher/executor.go:1467.108,1470.29 2 1
github.com/orneryd/nornicdb/pkg/cypher/executor.go:1470.29,1471.51 1 1
github.com/orneryd/nornicdb/pkg/cypher/executor.go:1471.51,1473.4 1 1
github.com/orneryd/nornicdb/pkg/cypher/executor.go:1476.2,1476.17 1 1
github.com/orneryd/nornicdb/pkg/cypher/executor.go:1479.96,1484.44 2 1
github.com/orneryd/nornicdb/pkg/cypher/executor.go:1484.44,1489.3 4 1
github.com/orneryd/nornicdb/pkg/cypher/executor.go:1492.2,1492.43 1 1
github.com/orneryd/nornicdb/pkg/cypher/executor.go:1492.43,1497.3 4 1
github.com/orneryd/nornicdb/pkg/cypher/executor.go:1500.2,1500.49 1 1
github.com/orneryd/nornicdb/pkg/cypher/executor.go:1500.49,1502.3 1 1
github.com/orneryd/nornicdb/pkg/cypher/executor.go:1503.2,1503.52 1 1
github.com/orneryd/nornicdb/pkg/cypher/executor.go:1503.52,1505.3 1 1
github.com/orneryd/nornicdb/pkg/cypher/executor.go:1506.2,1506.50 1 1
github.com/orneryd/nornicdb/pkg/cypher/executor.go:1506.50,1508.3 1 1
github.com/orneryd/nornicdb/pkg/cypher/executor.go:1509.2,1509.43 1 1
github.com/orneryd/nornicdb/pkg/cypher/executor.go:1509.43,1511.3 1 1
github.com/orneryd/nornicdb/pkg/cypher/executor.go:1512.2,1512.47 1 1
github.com/orneryd/nornicdb/pkg/cypher/executor.go:1512.47,1514.3 1 1
github.com/orneryd/nornicdb/pkg/cypher/executor.go:1515.2,1515.51 1 1
github.com/orneryd/nornicdb/pkg/cypher/executor.go:1515.51,1517.3 1 1
github.com/orneryd/nornicdb/pkg/cypher/executor.go:1520.2,1525.35 4 1
github.com/orneryd/nornicdb/pkg/cypher/executor.go:1525.35,1527.15 2 1
github.com/orneryd/nornicdb/pkg/cypher/executor.go:1527.15,1530.9 3 1
github.com/orneryd/nornicdb/pkg/cypher/executor.go:1534.2,1534.14 1 1
github.com/orneryd/nornicdb/pkg/cypher/executor.go:1534.14,1536.3 1 1
github.com/orneryd/nornicdb/pkg/cypher/executor.go:1538.2,1542.44 3 1
github.com/orneryd/nornicdb/pkg/cypher/executor.go:1542.44,1544.3 1 1
github.com/orneryd/nornicdb/pkg/cypher/executor.go:1546.2,1550.13 3 1
github.com/orneryd/nornicdb/pkg/cypher/executor.go:1550.13,1552.3 1 1
github.com/orneryd/nornicdb/pkg/cypher/executor.go:1555.2,1558.12 2 1
github.com/orneryd/nornicdb/pkg/cypher/executor.go:1559.11,1560.48 1 1
github.com/orneryd/nornicdb/pkg/cypher/executor.go:1561.18,1562.49 1 1
github.com/orneryd/nornicdb/pkg/cypher/executor.go:1563.11,1564.50 1 1
github.com/orneryd/nornicdb/pkg/cypher/executor.go:1565.12,1566.92 1 1
github.com/orneryd/nornicdb/pkg/cypher/executor.go:1567.11,1568.47 1 1
github.com/orneryd/nornicdb/pkg/cypher/executor.go:1569.12,1570.89 1 1
github.com/orneryd/nornicdb/pkg/cypher/executor.go:1571.12,1572.48 1 1
github.com/orneryd/nornicdb/pkg/cypher/executor.go:1573.10,1574.14 1 0
github.com/orneryd/nornicdb/pkg/cypher/executor.go:1579.60,1584.62 2 1
github.com/orneryd/nornicdb/pkg/cypher/executor.go:1584.62,1586.3 1 1
github.com/orneryd/nornicdb/pkg/cypher/executor.go:1589.2,1590.21 2 1
github.com/orneryd/nornicdb/pkg/cypher/executor.go:1590.21,1592.3 1 1
github.com/orneryd/nornicdb/pkg/cypher/executor.go:1593.2,1593.22 1 1
github.com/orneryd/nornicdb/pkg/cypher/executor.go:1593.22,1595.3 1 1
github.com/orneryd/nornicdb/pkg/cypher/executor.go:1596.2,1596.21 1 1
github.com/orneryd/nornicdb/pkg/cypher/executor.go:1596.21,1598.3 1 1
github.com/orneryd/nornicdb/pkg/cypher/executor.go:1601.2,1601.55 1 1
github.com/orneryd/nornicdb/pkg/cypher/executor.go:1601.55,1603.3 1 1
github.com/orneryd/nornicdb/pkg/cypher/executor.go:1604.2,1604.53 1 1
github.com/orneryd/nornicdb/pkg/cypher/executor.go:1604.53,1606.3 1 1
github.com/orneryd/nornicdb/pkg/cypher/executor.go:1608.2,1608.10 1 1
github.com/orneryd/nornicdb/pkg/cypher/executor.go:1612.75,1614.38 1 1
github.com/orneryd/nornicdb/pkg/cypher/executor.go:1614.38,1616.3 1 1
github.com/orneryd/nornicdb/pkg/cypher/executor.go:1617.2,1617.38 1 1
github.com/orneryd/nornicdb/pkg/cypher/executor.go:1617.38,1619.3 1 1
github.com/orneryd/nornicdb/pkg/cypher/executor.go:1622.2,1624.28 3 1
github.com/orneryd/nornicdb/pkg/cypher/executor.go:1624.28,1626.3 1 1
github.com/orneryd/nornicdb/pkg/cypher/executor.go:1629.2,1629.65 1 1
github.com/orneryd/nornicdb/pkg/cypher/executor.go:1633.77,1636.28 3 1
github.com/orneryd/nornicdb/pkg/cypher/executor.go:1636.28,1638.3 1 1
github.com/orneryd/nornicdb/pkg/cypher/executor.go:1641.2,1641.64 1 1
github.com/orneryd/nornicdb/pkg/cypher/executor.go:1645.74,1648.28 3 1
github.com/orneryd/nornicdb/pkg/cypher/executor.go:1648.28,1650.3 1 1
github.com/orneryd/nornicdb/pkg/cypher/executor.go:1653.2,1653.64 1 1
github.com/orneryd/nornicdb/pkg/cypher/executor.go:1657.75,1659.9 2 1
github.com/orneryd/nornicdb/pkg/cypher/executor.go:1659.9,1661.3 1 1
github.com/orneryd/nornicdb/pkg/cypher/executor.go:1663.2,1665.16 3 1
github.com/orneryd/nornicdb/pkg/cypher/executor.go:1665.16,1667.3 1 1
github.com/orneryd/nornicdb/pkg/cypher/executor.go:1668.2,1668.16 1 1
github.com/orneryd/nornicdb/pkg/cypher/executor.go:1672.103,1675.15 3 1
github.com/orneryd/nornicdb/pkg/cypher/executor.go:1675.15,1677.3 1 0
github.com/orneryd/nornicdb/pkg/cypher/executor.go:1679.2,1683.44 3 1
github.com/orneryd/nornicdb/pkg/cypher/executor.go:1683.44,1685.3 1 1
github.com/orneryd/nornicdb/pkg/cypher/executor.go:1686.2,1689.13 3 1
github.com/orneryd/nornicdb/pkg/cypher/executor.go:1689.13,1691.3 1 1
github.com/orneryd/nornicdb/pkg/cypher/executor.go:1693.2,1696.12 3 1
github.com/orneryd/nornicdb/pkg/cypher/executor.go:1697.18,1698.50 1 1
github.com/orneryd/nornicdb/pkg/cypher/executor.go:1699.21,1700.51 1 1
github.com/orneryd/nornicdb/pkg/cypher/executor.go:1701.19,1702.51 1 1
github.com/orneryd/nornicdb/pkg/cypher/executor.go:1704.2,1704.13 1 0
github.com/orneryd/nornicdb/pkg/cypher/executor.go:1708.95,1711.15 3 1
github.com/orneryd/nornicdb/pkg/cypher/executor.go:1711.15,1713.3 1 0
github.com/orneryd/nornicdb/pkg/cypher/executor.go:1715.2,1719.44 3 1
github.com/orneryd/nornicdb/pkg/cypher/executor.go:1719.44,1721.3 1 1
github.com/orneryd/nornicdb/pkg/cypher/executor.go:1722.2,1725.13 3 1
github.com/orneryd/nornicdb/pkg/cypher/executor.go:1725.13,1727.3 1 1
github.com/orneryd/nornicdb/pkg/cypher/executor.go:1730.2,1730.68 1 1
github.com/orneryd/nornicdb/pkg/cypher/executor.go:1730.68,1733.30 3 1
github.com/orneryd/nornicdb/pkg/cypher/executor.go:1733.30,1735.42 2 1
github.com/orneryd/nornicdb/pkg/cypher/executor.go:1735.42,1737.5 1 1
github.com/orneryd/nornicdb/pkg/cypher/executor.go:1740.2,1740.14 1 1
github.com/orneryd/nornicdb/pkg/cypher/executor.go:1744.117,1748.19 3 1
github.com/orneryd/nornicdb/pkg/cypher/executor.go:1748.19,1751.3 2 1
github.com/orneryd/nornicdb/pkg/cypher/executor.go:1751.8,1754.3 2 1
github.com/orneryd/nornicdb/pkg/cypher/executor.go:1757.2,1757.48 1 1
github.com/orneryd/nornicdb/pkg/cypher/executor.go:1757.48,1759.3 1 1
github.com/orneryd/nornicdb/pkg/cypher/executor.go:1760.2,1764.19 3 1
github.com/orneryd/nornicdb/pkg/cypher/executor.go:1764.19,1766.3 1 1
github.com/orneryd/nornicdb/pkg/cypher/executor.go:1767.2,1767.16 1 1
github.com/orneryd/nornicdb/pkg/cypher/executor.go:1771.47,1772.25 1 1
github.com/orneryd/nornicdb/pkg/cypher/executor.go:1773.15,1774.19 1 1
github.com/orneryd/nornicdb/pkg/cypher/executor.go:1775.15,1776.28 1 0
github.com/orneryd/nornicdb/pkg/cypher/executor.go:1777.11,1778.28 1 1
github.com/orneryd/nornicdb/pkg/cypher/executor.go:1779.13,1780.28 1 0
github.com/orneryd/nornicdb/pkg/cypher/executor.go:1781.13,1782.28 1 1
github.com/orneryd/nornicdb/pkg/cypher/executor.go:1783.14,1784.56 1 1
github.com/orneryd/nornicdb/pkg/cypher/executor.go:1784.56,1786.4 1 0
github.com/orneryd/nornicdb/pkg/cypher/executor.go:1788.2,1788.17 1 1
github.com/orneryd/nornicdb/pkg/cypher/executor.go:1791.111,1796.40 3 1
github.com/orneryd/nornicdb/pkg/cypher/executor.go:1796.40,1798.3 1 0
github.com/orneryd/nornicdb/pkg/cypher/executor.go:1801.2,1801.33 1 1
github.com/orneryd/nornicdb/pkg/cypher/executor.go:1801.33,1803.46 2 1
github.com/orneryd/nornicdb/pkg/cypher/executor.go:1803.46,1805.48 2 1
github.com/orneryd/nornicdb/pkg/cypher/executor.go:1805.48,1807.5 1 1
github.com/orneryd/nornicdb/pkg/cypher/executor.go:1809.4,1809.24 1 1
github.com/orneryd/nornicdb/pkg/cypher/executor.go:1809.24,1811.5 1 1
github.com/orneryd/nornicdb/pkg/cypher/executor.go:1812.4,1812.14 1 1
github.com/orneryd/nornicdb/pkg/cypher/executor.go:1817.2,1817.37 1 1
github.com/orneryd/nornicdb/pkg/cypher/executor.go:1817.37,1823.3 1 1
github.com/orneryd/nornicdb/pkg/cypher/executor.go:1825.2,1825.12 1 1
github.com/orneryd/nornicdb/pkg/cypher/executor.go:1828.47,1831.2 1 1
github.com/orneryd/nornicdb/pkg/cypher/executor.go:1835.45,1838.2 2 1
github.com/orneryd/nornicdb/pkg/cypher/parser.go:27.26,29.2 1 1
github.com/orneryd/nornicdb/pkg/cypher/parser.go:50.39,50.40 0 1
github.com/orneryd/nornicdb/pkg/cypher/parser.go:57.40,57.41 0 1
github.com/orneryd/nornicdb/pkg/cypher/parser.go:67.40,67.41 0 1
github.com/orneryd/nornicdb/pkg/cypher/parser.go:74.39,74.40 0 1
github.com/orneryd/nornicdb/pkg/cypher/parser.go:81.37,81.38 0 1
github.com/orneryd/nornicdb/pkg/cypher/parser.go:89.40,89.41 0 1
github.com/orneryd/nornicdb/pkg/cypher/parser.go:134.40,134.41 0 1
github.com/orneryd/nornicdb/pkg/cypher/parser.go:143.36,143.37 0 1
github.com/orneryd/nornicdb/pkg/cypher/parser.go:150.33,150.34 0 1
github.com/orneryd/nornicdb/pkg/cypher/parser.go:157.35,157.36 0 1
github.com/orneryd/nornicdb/pkg/cypher/parser.go:165.38,165.39 0 1
github.com/orneryd/nornicdb/pkg/cypher/parser.go:187.55,198.22 4 1
github.com/orneryd/nornicdb/pkg/cypher/parser.go:198.22,200.3 1 1
github.com/orneryd/nornicdb/pkg/cypher/parser.go:203.2,204.24 2 1
github.com/orneryd/nornicdb/pkg/cypher/parser.go:204.24,207.16 2 1
github.com/orneryd/nornicdb/pkg/cypher/parser.go:208.16,210.18 2 1
github.com/orneryd/nornicdb/pkg/cypher/parser.go:210.18,212.5 1 0
github.com/orneryd/nornicdb/pkg/cypher/parser.go:213.4,215.27 3 1
github.com/orneryd/nornicdb/pkg/cypher/parser.go:217.19,218.72 1 1
github.com/orneryd/nornicdb/pkg/cypher/parser.go:218.72,220.19 2 1
github.com/orneryd/nornicdb/pkg/cypher/parser.go:220.19,222.6 1 0
github.com/orneryd/nornicdb/pkg/cypher/parser.go:223.5,225.17 3 1
github.com/orneryd/nornicdb/pkg/cypher/parser.go:228.17,230.18 2 1
github.com/orneryd/nornicdb/pkg/cypher/parser.go:230.18,232.5 1 0
github.com/orneryd/nornicdb/pkg/cypher/parser.go:233.4,235.28 3 1
github.com/orneryd/nornicdb/pkg/cypher/parser.go:237.17,239.18 2 1
github.com/orneryd/nornicdb/pkg/cypher/parser.go:239.18,241.5 1 0
github.com/orneryd/nornicdb/pkg/cypher/parser.go:242.4,243.16 2 1
github.com/orneryd/nornicdb/pkg/cypher/parser.go:245.16,247.18 2 1
github.com/orneryd/nornicdb/pkg/cypher/parser.go:247.18,249.5 1 0
github.com/orneryd/nornicdb/pkg/cypher/parser.go:250.4,251.16 2 1
github.com/orneryd/nornicdb/pkg/cypher/parser.go:253.14,255.18 2 1
github.com/orneryd/nornicdb/pkg/cypher/parser.go:255.18,257.5 1 0
github.com/orneryd/nornicdb/pkg/cypher/parser.go:258.4,260.25 3 1
github.com/orneryd/nornicdb/pkg/cypher/parser.go:262.27,264.18 2 1
github.com/orneryd/nornicdb/pkg/cypher/parser.go:264.18,266.5 1 0
github.com/orneryd/nornicdb/pkg/cypher/parser.go:267.4,269.28 3 1
github.com/orneryd/nornicdb/pkg/cypher/parser.go:271.11,272.9 1 1
github.com/orneryd/nornicdb/pkg/cypher/parser.go:276.2,276.19 1 1
github.com/orneryd/nornicdb/pkg/cypher/parser.go:280.82,290.2 3 1
github.com/orneryd/nornicdb/pkg/cypher/parser.go:293.84,297.2 3 1
github.com/orneryd/nornicdb/pkg/cypher/parser.go:300.84,306.2 3 1
github.com/orneryd/nornicdb/pkg/cypher/parser.go:309.82,313.2 3 1
github.com/orneryd/nornicdb/pkg/cypher/parser.go:316.78,322.2 3 1
github.com/orneryd/nornicdb/pkg/cypher/parser.go:325.84,328.46 2 1
github.com/orneryd/nornicdb/pkg/cypher/parser.go:328.46,331.3 2 1
github.com/orneryd/nornicdb/pkg/cypher/parser.go:332.2,334.25 2 1
github.com/orneryd/nornicdb/pkg/cypher/parser.go:338.39,345.35 5 1
github.com/orneryd/nornicdb/pkg/cypher/parser.go:345.35,348.15 2 1
github.com/orneryd/nornicdb/pkg/cypher/parser.go:348.15,350.23 2 1
github.com/orneryd/nornicdb/pkg/cypher/parser.go:350.23,354.5 3 1
github.com/orneryd/nornicdb/pkg/cypher/parser.go:355.4,355.12 1 1
github.com/orneryd/nornicdb/pkg/cypher/parser.go:358.3,358.12 1 1
github.com/orneryd/nornicdb/pkg/cypher/parser.go:359.18,362.24 3 1
github.com/orneryd/nornicdb/pkg/cypher/parser.go:363.30,364.25 1 1
github.com/orneryd/nornicdb/pkg/cypher/parser.go:364.25,367.5 2 1
github.com/orneryd/nornicdb/pkg/cypher/parser.go:368.87,369.25 1 1
github.com/orneryd/nornicdb/pkg/cypher/parser.go:369.25,372.5 2 1
github.com/orneryd/nornicdb/pkg/cypher/parser.go:373.4,373.38 1 1
github.com/orneryd/nornicdb/pkg/cypher/parser.go:374.11,375.24 1 1
github.com/orneryd/nornicdb/pkg/cypher/parser.go:379.2,379.23 1 1
github.com/orneryd/nornicdb/pkg/cypher/parser.go:379.23,381.3 1 1
github.com/orneryd/nornicdb/pkg/cypher/parser.go:383.2,383.15 1 1
github.com/orneryd/nornicdb/pkg/cypher/parser.go:393.30,397.2 1 1
github.com/orneryd/nornicdb/pkg/cypher/parser.go:400.104,403.16 2 1
github.com/orneryd/nornicdb/pkg/cypher/parser.go:403.16,405.3 1 1
github.com/orneryd/nornicdb/pkg/cypher/parser.go:408.2,408.27 1 1
github.com/orneryd/nornicdb/pkg/cypher/parser.go:408.27,410.3 1 1
github.com/orneryd/nornicdb/pkg/cypher/parser.go:413.2,421.20 3 1
github.com/orneryd/nornicdb/pkg/cypher/parser.go:431.33,433.2 1 1
